<?xml version="1.0" encoding="UTF-8"?>
<!-- Generated by org.testng.reporters.JUnitReportReporter -->
<testsuite hostname="DESKTOP-HPNOI30" failures="0" tests="1" name="com.tmb.tests.AmazonDemoTest" time="89.333" errors="0" timestamp="2025-07-01T15:33:10 IST" skipped="0">
  <testcase classname="com.tmb.tests.AmazonDemoTest" name="amazonTest" time="89.333"/>
  <system-out/>
</testsuite> <!-- com.tmb.tests.AmazonDemoTest -->
