<?xml version="1.0" encoding="UTF-8"?>
<!-- Generated by org.testng.reporters.JUnitReportReporter -->
<testsuite hostname="DESKTOP-HPNOI30" failures="0" tests="3" name="com.tmb.tests.OrangeHRMTests" time="56.600" errors="0" timestamp="2025-07-07T18:21:56 IST" skipped="0">
  <testcase classname="com.tmb.tests.OrangeHRMTests" name="newTest" time="21.904"/>
  <system-out/>
  <testcase classname="com.tmb.tests.OrangeHRMTests" name="newTest" time="16.223"/>
  <system-out/>
  <testcase classname="com.tmb.tests.OrangeHRMTests" name="loginLogoutTest" time="18.473"/>
  <system-out/>
</testsuite> <!-- com.tmb.tests.OrangeHRMTests -->
