<?xml version="1.0" encoding="UTF-8"?>
<!-- Generated by org.testng.reporters.JUnitReportReporter -->
<testsuite hostname="DESKTOP-HPNOI30" failures="0" tests="5" name="com.tmb.tests.LoginTest" time="0.090" errors="0" timestamp="2025-07-14T14:08:36 IST" skipped="0">
  <testcase classname="com.tmb.tests.LoginTest" name="testLogin" time="0.012"/>
  <system-out/>
  <testcase classname="com.tmb.tests.LoginTest" name="testLogin" time="0.032"/>
  <system-out/>
  <testcase classname="com.tmb.tests.LoginTest" name="testLogin" time="0.012"/>
  <system-out/>
  <testcase classname="com.tmb.tests.LoginTest" name="testLogin" time="0.023"/>
  <system-out/>
  <testcase classname="com.tmb.tests.LoginTest" name="testLogin" time="0.011"/>
  <system-out/>
</testsuite> <!-- com.tmb.tests.LoginTest -->
